[debug] [2018-08-21T08:46:10.178Z] ----------------------------------------------------------------------
[debug] [2018-08-21T08:46:10.188Z] Command:       C:\Program Files\nodejs\node.exe C:\Users\H299683\AppData\Roaming\npm\node_modules\firebase-tools\bin\firebase login
[debug] [2018-08-21T08:46:10.189Z] CLI Version:   4.1.2
[debug] [2018-08-21T08:46:10.189Z] Platform:      win32
[debug] [2018-08-21T08:46:10.189Z] Node Version:  v10.7.0
[debug] [2018-08-21T08:46:10.194Z] Time:          Tue Aug 21 2018 14:16:10 GMT+0530 (India Standard Time)
[debug] [2018-08-21T08:46:10.194Z] ----------------------------------------------------------------------
[debug] 
[info] 
[info] Visit this URL on any device to log in:
[info] https://accounts.google.com/o/oauth2/auth?client_id=563584335869-fgrhgmd47bqnekij5i8b5pr03ho849e6.apps.googleusercontent.com&scope=email%20openid%20https%3A%2F%2Fwww.googleapis.com%2Fauth%2Fcloudplatformprojects.readonly%20https%3A%2F%2Fwww.googleapis.com%2Fauth%2Ffirebase%20https%3A%2F%2Fwww.googleapis.com%2Fauth%2Fcloud-platform&response_type=code&state=948055602&redirect_uri=http%3A%2F%2Flocalhost%3A9005
[info] 
[info] Waiting for authentication...
[debug] [2018-08-21T08:46:24.442Z] >>> HTTP REQUEST POST https://accounts.google.com/o/oauth2/token  

[debug] [2018-08-21T08:46:24.854Z] <<< HTTP RESPONSE 200
[debug] [2018-08-21T08:46:24.977Z] Error: EPERM: operation not permitted, rename 'C:\Users\H299683\.config\configstore\firebase-tools.json.25734137' -> 'C:\Users\H299683\.config\configstore\firebase-tools.json'
    at Object.renameSync (fs.js:598:3)
    at Function.writeFileSync [as sync] (C:\Users\H299683\AppData\Roaming\npm\node_modules\firebase-tools\node_modules\configstore\node_modules\write-file-atomic\index.js:124:8)
    at Configstore.set (C:\Users\H299683\AppData\Roaming\npm\node_modules\firebase-tools\node_modules\configstore\index.js:62:21)
    at Configstore.set (C:\Users\H299683\AppData\Roaming\npm\node_modules\firebase-tools\node_modules\configstore\index.js:93:11)
    at C:\Users\H299683\AppData\Roaming\npm\node_modules\firebase-tools\commands\login.js:52:21
    at process._tickCallback (internal/process/next_tick.js:68:7)
[error] 
[error] Error: An unexpected error has occurred.
